0 info it worked if it ends with ok
1 verbose cli [ '/usr/local/bin/node',
1 verbose cli   '/usr/local/bin/npm',
1 verbose cli   'run',
1 verbose cli   'build-all' ]
2 info using npm@3.10.10
3 info using node@v6.10.3
4 verbose run-script [ 'prebuild-all', 'build-all', 'postbuild-all' ]
5 info lifecycle ngc-build-cross-plateform@1.0.0~prebuild-all: ngc-build-cross-plateform@1.0.0
6 silly lifecycle ngc-build-cross-plateform@1.0.0~prebuild-all: no script for prebuild-all, continuing
7 info lifecycle ngc-build-cross-plateform@1.0.0~build-all: ngc-build-cross-plateform@1.0.0
8 verbose lifecycle ngc-build-cross-plateform@1.0.0~build-all: unsafe-perm in lifecycle true
9 verbose lifecycle ngc-build-cross-plateform@1.0.0~build-all: PATH: /usr/local/lib/node_modules/npm/bin/node-gyp-bin:/Users/wiznidev/Ashish/Projects/ngc-build-cross-platform/node_modules/.bin:/usr/local/bin:/usr/bin:/bin:/usr/sbin:/sbin:/usr/local/share/dotnet
10 verbose lifecycle ngc-build-cross-plateform@1.0.0~build-all: CWD: /Users/wiznidev/Ashish/Projects/ngc-build-cross-platform
11 silly lifecycle ngc-build-cross-plateform@1.0.0~build-all: Args: [ '-c',
11 silly lifecycle   'rimraf .dist && npm run build-web && npm run build-mobile && npm run build-desktop && npm run cleanup' ]
12 silly lifecycle ngc-build-cross-plateform@1.0.0~build-all: Returned: code: 1  signal: null
13 info lifecycle ngc-build-cross-plateform@1.0.0~build-all: Failed to exec build-all script
14 verbose stack Error: ngc-build-cross-plateform@1.0.0 build-all: `rimraf .dist && npm run build-web && npm run build-mobile && npm run build-desktop && npm run cleanup`
14 verbose stack Exit status 1
14 verbose stack     at EventEmitter.<anonymous> (/usr/local/lib/node_modules/npm/lib/utils/lifecycle.js:255:16)
14 verbose stack     at emitTwo (events.js:106:13)
14 verbose stack     at EventEmitter.emit (events.js:191:7)
14 verbose stack     at ChildProcess.<anonymous> (/usr/local/lib/node_modules/npm/lib/utils/spawn.js:40:14)
14 verbose stack     at emitTwo (events.js:106:13)
14 verbose stack     at ChildProcess.emit (events.js:191:7)
14 verbose stack     at maybeClose (internal/child_process.js:886:16)
14 verbose stack     at Process.ChildProcess._handle.onexit (internal/child_process.js:226:5)
15 verbose pkgid ngc-build-cross-plateform@1.0.0
16 verbose cwd /Users/wiznidev/Ashish/Projects/ngc-build-cross-platform
17 error Darwin 16.5.0
18 error argv "/usr/local/bin/node" "/usr/local/bin/npm" "run" "build-all"
19 error node v6.10.3
20 error npm  v3.10.10
21 error code ELIFECYCLE
22 error ngc-build-cross-plateform@1.0.0 build-all: `rimraf .dist && npm run build-web && npm run build-mobile && npm run build-desktop && npm run cleanup`
22 error Exit status 1
23 error Failed at the ngc-build-cross-plateform@1.0.0 build-all script 'rimraf .dist && npm run build-web && npm run build-mobile && npm run build-desktop && npm run cleanup'.
23 error Make sure you have the latest version of node.js and npm installed.
23 error If you do, this is most likely a problem with the ngc-build-cross-plateform package,
23 error not with npm itself.
23 error Tell the author that this fails on your system:
23 error     rimraf .dist && npm run build-web && npm run build-mobile && npm run build-desktop && npm run cleanup
23 error You can get information on how to open an issue for this project with:
23 error     npm bugs ngc-build-cross-plateform
23 error Or if that isn't available, you can get their info via:
23 error     npm owner ls ngc-build-cross-plateform
23 error There is likely additional logging output above.
24 verbose exit [ 1, true ]
